<?xml version="1.0" encoding="UTF-8"?>
<!-- Generated by org.testng.reporters.JUnitReportReporter -->
<testsuite hostname="DESKTOP-MTSPVRR" failures="0" tests="3" name="com.crm.qa.testcases.LoginPageTest" time="14.188" errors="0" timestamp="2022-10-31T19:12:36 EDT" skipped="0">
  <testcase classname="com.crm.qa.testcases.LoginPageTest" name="crmLogoImageTest" time="1.663"/>
  <system-out/>
  <testcase classname="com.crm.qa.testcases.LoginPageTest" name="loginPageTitleTest" time="6.002"/>
  <system-out/>
  <testcase classname="com.crm.qa.testcases.LoginPageTest" name="LoginTest" time="6.523"/>
  <system-out/>
</testsuite> <!-- com.crm.qa.testcases.LoginPageTest -->
