<?xml version="1.0" encoding="UTF-8"?>
<!-- Generated by org.testng.reporters.JUnitReportReporter -->
<testsuite hostname="DESKTOP-MTSPVRR" failures="0" tests="5" name="com.crm.qa.testcases.ContactsPageTest" time="63.350" errors="0" timestamp="2022-10-31T19:12:36 EDT" skipped="0">
  <testcase classname="com.crm.qa.testcases.ContactsPageTest" name="verifyContactsPageLabel" time="13.508"/>
  <system-out/>
  <testcase classname="com.crm.qa.testcases.ContactsPageTest" name="ValidateCreateNewContact" time="12.308"/>
  <system-out/>
  <testcase classname="com.crm.qa.testcases.ContactsPageTest" name="ValidateCreateNewContact" time="12.658"/>
  <system-out/>
  <testcase classname="com.crm.qa.testcases.ContactsPageTest" name="ValidateCreateNewContact" time="12.446"/>
  <system-out/>
  <testcase classname="com.crm.qa.testcases.ContactsPageTest" name="ValidateCreateNewContact" time="12.430"/>
  <system-out/>
</testsuite> <!-- com.crm.qa.testcases.ContactsPageTest -->
